<?xml version="1.0" encoding="UTF-8"?>
<!-- Generated by org.testng.reporters.JUnitXMLReporter -->
<testsuite ignored="20" hostname="IN-B7KRXM3" failures="0" tests="20" name="Test" time="0.208" errors="0" timestamp="2023-09-19T13:12:52 IST">
  <testcase classname="Com.Sample.testcases.LoginTest" name="@BeforeMethod Setup" time="0.029">
    <failure type="java.lang.IllegalStateException" message="The driver executable does not exist: C:\Users\gagankaushik\OneDrive - Nagarro\Desktop\Gagankaushik_3190215_exittest\test\test\UsersgagankaushikDownloadschromedriver-win64chromedriver-win64chromedriver.exe">
      <![CDATA[java.lang.IllegalStateException: The driver executable does not exist: C:\Users\gagankaushik\OneDrive - Nagarro\Desktop\Gagankaushik_3190215_exittest\test\test\UsersgagankaushikDownloadschromedriver-win64chromedriver-win64chromedriver.exe
at com.google.common.base.Preconditions.checkState(Preconditions.java:585)
at org.openqa.selenium.remote.service.DriverService.checkExecutable(DriverService.java:146)
at org.openqa.selenium.remote.service.DriverService.findExecutable(DriverService.java:141)
at org.openqa.selenium.chrome.ChromeDriverService.access$000(ChromeDriverService.java:35)
at org.openqa.selenium.chrome.ChromeDriverService$Builder.findDefaultExecutable(ChromeDriverService.java:159)
at org.openqa.selenium.remote.service.DriverService$Builder.build(DriverService.java:355)
at org.openqa.selenium.chrome.ChromeDriverService.createDefaultService(ChromeDriverService.java:94)
at org.openqa.selenium.chrome.ChromeDriver.<init>(ChromeDriver.java:123)
at Com.Sample.base.basepage.setup(basepage.java:48)
at Com.Sample.testcases.LoginTest.Setup(LoginTest.java:25)
at java.base/java.util.ArrayList.forEach(ArrayList.java:1541)
... Removed 31 stack frames]]>
    </failure>
  </testcase> <!-- @BeforeMethod Setup -->
  <testcase classname="Com.Sample.base.basepage" name="@AfterMethod teardown" time="0.0">
    <skipped/>
  </testcase> <!-- @AfterMethod teardown -->
  <testcase classname="Com.Sample.base.basepage" name="@BeforeMethod startTest" time="0.0">
    <skipped/>
  </testcase> <!-- @BeforeMethod startTest -->
  <testcase classname="Com.Sample.testcases.LoginTest" name="@BeforeMethod Setup" time="0.0">
    <skipped/>
  </testcase> <!-- @BeforeMethod Setup -->
  <testcase classname="Com.Sample.base.basepage" name="@AfterMethod teardown" time="0.0">
    <skipped/>
  </testcase> <!-- @AfterMethod teardown -->
  <testcase classname="Com.Sample.testcases.AddaddressTest" name="@BeforeMethod Setup" time="0.004">
    <failure type="java.lang.IllegalStateException" message="The driver executable does not exist: C:\Users\gagankaushik\OneDrive - Nagarro\Desktop\Gagankaushik_3190215_exittest\test\test\UsersgagankaushikDownloadschromedriver-win64chromedriver-win64chromedriver.exe">
      <![CDATA[java.lang.IllegalStateException: The driver executable does not exist: C:\Users\gagankaushik\OneDrive - Nagarro\Desktop\Gagankaushik_3190215_exittest\test\test\UsersgagankaushikDownloadschromedriver-win64chromedriver-win64chromedriver.exe
at com.google.common.base.Preconditions.checkState(Preconditions.java:585)
at org.openqa.selenium.remote.service.DriverService.checkExecutable(DriverService.java:146)
at org.openqa.selenium.remote.service.DriverService.findExecutable(DriverService.java:141)
at org.openqa.selenium.chrome.ChromeDriverService.access$000(ChromeDriverService.java:35)
at org.openqa.selenium.chrome.ChromeDriverService$Builder.findDefaultExecutable(ChromeDriverService.java:159)
at org.openqa.selenium.remote.service.DriverService$Builder.build(DriverService.java:355)
at org.openqa.selenium.chrome.ChromeDriverService.createDefaultService(ChromeDriverService.java:94)
at org.openqa.selenium.chrome.ChromeDriver.<init>(ChromeDriver.java:123)
at Com.Sample.base.basepage.setup(basepage.java:48)
at Com.Sample.testcases.AddaddressTest.Setup(AddaddressTest.java:29)
at java.base/java.util.ArrayList.forEach(ArrayList.java:1541)
... Removed 31 stack frames]]>
    </failure>
  </testcase> <!-- @BeforeMethod Setup -->
  <testcase classname="Com.Sample.base.basepage" name="@AfterMethod teardown" time="0.0">
    <skipped/>
  </testcase> <!-- @AfterMethod teardown -->
  <testcase classname="Com.Sample.base.basepage" name="@BeforeMethod startTest" time="0.0">
    <skipped/>
  </testcase> <!-- @BeforeMethod startTest -->
  <testcase classname="Com.Sample.testcases.AddaddressTest" name="@BeforeMethod Setup" time="0.0">
    <skipped/>
  </testcase> <!-- @BeforeMethod Setup -->
  <testcase classname="Com.Sample.base.basepage" name="@AfterMethod teardown" time="0.0">
    <skipped/>
  </testcase> <!-- @AfterMethod teardown -->
  <testcase classname="Com.Sample.testcases.DeleteAddressTest" name="@BeforeMethod Setup" time="0.004">
    <failure type="java.lang.IllegalStateException" message="The driver executable does not exist: C:\Users\gagankaushik\OneDrive - Nagarro\Desktop\Gagankaushik_3190215_exittest\test\test\UsersgagankaushikDownloadschromedriver-win64chromedriver-win64chromedriver.exe">
      <![CDATA[java.lang.IllegalStateException: The driver executable does not exist: C:\Users\gagankaushik\OneDrive - Nagarro\Desktop\Gagankaushik_3190215_exittest\test\test\UsersgagankaushikDownloadschromedriver-win64chromedriver-win64chromedriver.exe
at com.google.common.base.Preconditions.checkState(Preconditions.java:585)
at org.openqa.selenium.remote.service.DriverService.checkExecutable(DriverService.java:146)
at org.openqa.selenium.remote.service.DriverService.findExecutable(DriverService.java:141)
at org.openqa.selenium.chrome.ChromeDriverService.access$000(ChromeDriverService.java:35)
at org.openqa.selenium.chrome.ChromeDriverService$Builder.findDefaultExecutable(ChromeDriverService.java:159)
at org.openqa.selenium.remote.service.DriverService$Builder.build(DriverService.java:355)
at org.openqa.selenium.chrome.ChromeDriverService.createDefaultService(ChromeDriverService.java:94)
at org.openqa.selenium.chrome.ChromeDriver.<init>(ChromeDriver.java:123)
at Com.Sample.base.basepage.setup(basepage.java:48)
at Com.Sample.testcases.DeleteAddressTest.Setup(DeleteAddressTest.java:29)
at java.base/java.util.ArrayList.forEach(ArrayList.java:1541)
... Removed 31 stack frames]]>
    </failure>
  </testcase> <!-- @BeforeMethod Setup -->
  <testcase classname="Com.Sample.base.basepage" name="@AfterMethod teardown" time="0.0">
    <skipped/>
  </testcase> <!-- @AfterMethod teardown -->
  <testcase classname="Com.Sample.base.basepage" name="@BeforeMethod startTest" time="0.0">
    <skipped/>
  </testcase> <!-- @BeforeMethod startTest -->
  <testcase classname="Com.Sample.testcases.DeleteAddressTest" name="@BeforeMethod Setup" time="0.0">
    <skipped/>
  </testcase> <!-- @BeforeMethod Setup -->
  <testcase classname="Com.Sample.base.basepage" name="@AfterMethod teardown" time="0.0">
    <skipped/>
  </testcase> <!-- @AfterMethod teardown -->
  <testcase classname="Com.Sample.testcases.SuperCoinZoneTest" name="@BeforeMethod Setup" time="0.004">
    <failure type="java.lang.IllegalStateException" message="The driver executable does not exist: C:\Users\gagankaushik\OneDrive - Nagarro\Desktop\Gagankaushik_3190215_exittest\test\test\UsersgagankaushikDownloadschromedriver-win64chromedriver-win64chromedriver.exe">
      <![CDATA[java.lang.IllegalStateException: The driver executable does not exist: C:\Users\gagankaushik\OneDrive - Nagarro\Desktop\Gagankaushik_3190215_exittest\test\test\UsersgagankaushikDownloadschromedriver-win64chromedriver-win64chromedriver.exe
at com.google.common.base.Preconditions.checkState(Preconditions.java:585)
at org.openqa.selenium.remote.service.DriverService.checkExecutable(DriverService.java:146)
at org.openqa.selenium.remote.service.DriverService.findExecutable(DriverService.java:141)
at org.openqa.selenium.chrome.ChromeDriverService.access$000(ChromeDriverService.java:35)
at org.openqa.selenium.chrome.ChromeDriverService$Builder.findDefaultExecutable(ChromeDriverService.java:159)
at org.openqa.selenium.remote.service.DriverService$Builder.build(DriverService.java:355)
at org.openqa.selenium.chrome.ChromeDriverService.createDefaultService(ChromeDriverService.java:94)
at org.openqa.selenium.chrome.ChromeDriver.<init>(ChromeDriver.java:123)
at Com.Sample.base.basepage.setup(basepage.java:48)
at Com.Sample.testcases.SuperCoinZoneTest.Setup(SuperCoinZoneTest.java:29)
at java.base/java.util.ArrayList.forEach(ArrayList.java:1541)
... Removed 31 stack frames]]>
    </failure>
  </testcase> <!-- @BeforeMethod Setup -->
  <testcase classname="Com.Sample.base.basepage" name="@AfterMethod teardown" time="0.0">
    <skipped/>
  </testcase> <!-- @AfterMethod teardown -->
  <testcase classname="Com.Sample.testcases.OrdersTest" name="@BeforeMethod Setup" time="0.004">
    <failure type="java.lang.IllegalStateException" message="The driver executable does not exist: C:\Users\gagankaushik\OneDrive - Nagarro\Desktop\Gagankaushik_3190215_exittest\test\test\UsersgagankaushikDownloadschromedriver-win64chromedriver-win64chromedriver.exe">
      <![CDATA[java.lang.IllegalStateException: The driver executable does not exist: C:\Users\gagankaushik\OneDrive - Nagarro\Desktop\Gagankaushik_3190215_exittest\test\test\UsersgagankaushikDownloadschromedriver-win64chromedriver-win64chromedriver.exe
at com.google.common.base.Preconditions.checkState(Preconditions.java:585)
at org.openqa.selenium.remote.service.DriverService.checkExecutable(DriverService.java:146)
at org.openqa.selenium.remote.service.DriverService.findExecutable(DriverService.java:141)
at org.openqa.selenium.chrome.ChromeDriverService.access$000(ChromeDriverService.java:35)
at org.openqa.selenium.chrome.ChromeDriverService$Builder.findDefaultExecutable(ChromeDriverService.java:159)
at org.openqa.selenium.remote.service.DriverService$Builder.build(DriverService.java:355)
at org.openqa.selenium.chrome.ChromeDriverService.createDefaultService(ChromeDriverService.java:94)
at org.openqa.selenium.chrome.ChromeDriver.<init>(ChromeDriver.java:123)
at Com.Sample.base.basepage.setup(basepage.java:48)
at Com.Sample.testcases.OrdersTest.Setup(OrdersTest.java:28)
at java.base/java.util.ArrayList.forEach(ArrayList.java:1541)
... Removed 31 stack frames]]>
    </failure>
  </testcase> <!-- @BeforeMethod Setup -->
  <testcase classname="Com.Sample.base.basepage" name="@AfterMethod teardown" time="0.0">
    <skipped/>
  </testcase> <!-- @AfterMethod teardown -->
  <testcase classname="Com.Sample.base.basepage" name="@BeforeMethod startTest" time="0.0">
    <skipped/>
  </testcase> <!-- @BeforeMethod startTest -->
  <testcase classname="Com.Sample.testcases.OrdersTest" name="@BeforeMethod Setup" time="0.0">
    <skipped/>
  </testcase> <!-- @BeforeMethod Setup -->
  <testcase classname="Com.Sample.base.basepage" name="@AfterMethod teardown" time="0.0">
    <skipped/>
  </testcase> <!-- @AfterMethod teardown -->
  <testcase classname="Com.Sample.testcases.WishlistTest" name="@BeforeMethod Setup" time="0.003">
    <failure type="java.lang.IllegalStateException" message="The driver executable does not exist: C:\Users\gagankaushik\OneDrive - Nagarro\Desktop\Gagankaushik_3190215_exittest\test\test\UsersgagankaushikDownloadschromedriver-win64chromedriver-win64chromedriver.exe">
      <![CDATA[java.lang.IllegalStateException: The driver executable does not exist: C:\Users\gagankaushik\OneDrive - Nagarro\Desktop\Gagankaushik_3190215_exittest\test\test\UsersgagankaushikDownloadschromedriver-win64chromedriver-win64chromedriver.exe
at com.google.common.base.Preconditions.checkState(Preconditions.java:585)
at org.openqa.selenium.remote.service.DriverService.checkExecutable(DriverService.java:146)
at org.openqa.selenium.remote.service.DriverService.findExecutable(DriverService.java:141)
at org.openqa.selenium.chrome.ChromeDriverService.access$000(ChromeDriverService.java:35)
at org.openqa.selenium.chrome.ChromeDriverService$Builder.findDefaultExecutable(ChromeDriverService.java:159)
at org.openqa.selenium.remote.service.DriverService$Builder.build(DriverService.java:355)
at org.openqa.selenium.chrome.ChromeDriverService.createDefaultService(ChromeDriverService.java:94)
at org.openqa.selenium.chrome.ChromeDriver.<init>(ChromeDriver.java:123)
at Com.Sample.base.basepage.setup(basepage.java:48)
at Com.Sample.testcases.WishlistTest.Setup(WishlistTest.java:28)
at java.base/java.util.ArrayList.forEach(ArrayList.java:1541)
... Removed 31 stack frames]]>
    </failure>
  </testcase> <!-- @BeforeMethod Setup -->
  <testcase classname="Com.Sample.base.basepage" name="@AfterMethod teardown" time="0.0">
    <skipped/>
  </testcase> <!-- @AfterMethod teardown -->
  <testcase classname="Com.Sample.base.basepage" name="@BeforeMethod startTest" time="0.0">
    <skipped/>
  </testcase> <!-- @BeforeMethod startTest -->
  <testcase classname="Com.Sample.testcases.WishlistTest" name="@BeforeMethod Setup" time="0.0">
    <skipped/>
  </testcase> <!-- @BeforeMethod Setup -->
  <testcase classname="Com.Sample.base.basepage" name="@AfterMethod teardown" time="0.0">
    <skipped/>
  </testcase> <!-- @AfterMethod teardown -->
  <testcase classname="Com.Sample.testcases.SearchTest" name="@BeforeMethod Setup" time="0.004">
    <failure type="java.lang.IllegalStateException" message="The driver executable does not exist: C:\Users\gagankaushik\OneDrive - Nagarro\Desktop\Gagankaushik_3190215_exittest\test\test\UsersgagankaushikDownloadschromedriver-win64chromedriver-win64chromedriver.exe">
      <![CDATA[java.lang.IllegalStateException: The driver executable does not exist: C:\Users\gagankaushik\OneDrive - Nagarro\Desktop\Gagankaushik_3190215_exittest\test\test\UsersgagankaushikDownloadschromedriver-win64chromedriver-win64chromedriver.exe
at com.google.common.base.Preconditions.checkState(Preconditions.java:585)
at org.openqa.selenium.remote.service.DriverService.checkExecutable(DriverService.java:146)
at org.openqa.selenium.remote.service.DriverService.findExecutable(DriverService.java:141)
at org.openqa.selenium.chrome.ChromeDriverService.access$000(ChromeDriverService.java:35)
at org.openqa.selenium.chrome.ChromeDriverService$Builder.findDefaultExecutable(ChromeDriverService.java:159)
at org.openqa.selenium.remote.service.DriverService$Builder.build(DriverService.java:355)
at org.openqa.selenium.chrome.ChromeDriverService.createDefaultService(ChromeDriverService.java:94)
at org.openqa.selenium.chrome.ChromeDriver.<init>(ChromeDriver.java:123)
at Com.Sample.base.basepage.setup(basepage.java:48)
at Com.Sample.testcases.SearchTest.Setup(SearchTest.java:28)
at java.base/java.util.ArrayList.forEach(ArrayList.java:1541)
... Removed 31 stack frames]]>
    </failure>
  </testcase> <!-- @BeforeMethod Setup -->
  <testcase classname="Com.Sample.base.basepage" name="@AfterMethod teardown" time="0.0">
    <skipped/>
  </testcase> <!-- @AfterMethod teardown -->
  <testcase classname="Com.Sample.base.basepage" name="@BeforeMethod startTest" time="0.0">
    <skipped/>
  </testcase> <!-- @BeforeMethod startTest -->
  <testcase classname="Com.Sample.testcases.SearchTest" name="@BeforeMethod Setup" time="0.0">
    <skipped/>
  </testcase> <!-- @BeforeMethod Setup -->
  <testcase classname="Com.Sample.base.basepage" name="@AfterMethod teardown" time="0.0">
    <skipped/>
  </testcase> <!-- @AfterMethod teardown -->
  <testcase classname="Com.Sample.testcases.FilterTest" name="@BeforeMethod Setup" time="0.004">
    <failure type="java.lang.IllegalStateException" message="The driver executable does not exist: C:\Users\gagankaushik\OneDrive - Nagarro\Desktop\Gagankaushik_3190215_exittest\test\test\UsersgagankaushikDownloadschromedriver-win64chromedriver-win64chromedriver.exe">
      <![CDATA[java.lang.IllegalStateException: The driver executable does not exist: C:\Users\gagankaushik\OneDrive - Nagarro\Desktop\Gagankaushik_3190215_exittest\test\test\UsersgagankaushikDownloadschromedriver-win64chromedriver-win64chromedriver.exe
at com.google.common.base.Preconditions.checkState(Preconditions.java:585)
at org.openqa.selenium.remote.service.DriverService.checkExecutable(DriverService.java:146)
at org.openqa.selenium.remote.service.DriverService.findExecutable(DriverService.java:141)
at org.openqa.selenium.chrome.ChromeDriverService.access$000(ChromeDriverService.java:35)
at org.openqa.selenium.chrome.ChromeDriverService$Builder.findDefaultExecutable(ChromeDriverService.java:159)
at org.openqa.selenium.remote.service.DriverService$Builder.build(DriverService.java:355)
at org.openqa.selenium.chrome.ChromeDriverService.createDefaultService(ChromeDriverService.java:94)
at org.openqa.selenium.chrome.ChromeDriver.<init>(ChromeDriver.java:123)
at Com.Sample.base.basepage.setup(basepage.java:48)
at Com.Sample.testcases.FilterTest.Setup(FilterTest.java:27)
at java.base/java.util.ArrayList.forEach(ArrayList.java:1541)
... Removed 31 stack frames]]>
    </failure>
  </testcase> <!-- @BeforeMethod Setup -->
  <testcase classname="Com.Sample.base.basepage" name="@AfterMethod teardown" time="0.0">
    <skipped/>
  </testcase> <!-- @AfterMethod teardown -->
  <testcase classname="Com.Sample.base.basepage" name="@BeforeMethod startTest" time="0.0">
    <skipped/>
  </testcase> <!-- @BeforeMethod startTest -->
  <testcase classname="Com.Sample.testcases.FilterTest" name="@BeforeMethod Setup" time="0.0">
    <skipped/>
  </testcase> <!-- @BeforeMethod Setup -->
  <testcase classname="Com.Sample.base.basepage" name="@AfterMethod teardown" time="0.0">
    <skipped/>
  </testcase> <!-- @AfterMethod teardown -->
  <testcase classname="Com.Sample.base.basepage" name="@BeforeMethod startTest" time="0.0">
    <skipped/>
  </testcase> <!-- @BeforeMethod startTest -->
  <testcase classname="Com.Sample.testcases.FilterTest" name="@BeforeMethod Setup" time="0.0">
    <skipped/>
  </testcase> <!-- @BeforeMethod Setup -->
  <testcase classname="Com.Sample.base.basepage" name="@AfterMethod teardown" time="0.0">
    <skipped/>
  </testcase> <!-- @AfterMethod teardown -->
  <testcase classname="Com.Sample.testcases.SellerTest" name="@BeforeMethod Setup" time="0.005">
    <failure type="java.lang.IllegalStateException" message="The driver executable does not exist: C:\Users\gagankaushik\OneDrive - Nagarro\Desktop\Gagankaushik_3190215_exittest\test\test\UsersgagankaushikDownloadschromedriver-win64chromedriver-win64chromedriver.exe">
      <![CDATA[java.lang.IllegalStateException: The driver executable does not exist: C:\Users\gagankaushik\OneDrive - Nagarro\Desktop\Gagankaushik_3190215_exittest\test\test\UsersgagankaushikDownloadschromedriver-win64chromedriver-win64chromedriver.exe
at com.google.common.base.Preconditions.checkState(Preconditions.java:585)
at org.openqa.selenium.remote.service.DriverService.checkExecutable(DriverService.java:146)
at org.openqa.selenium.remote.service.DriverService.findExecutable(DriverService.java:141)
at org.openqa.selenium.chrome.ChromeDriverService.access$000(ChromeDriverService.java:35)
at org.openqa.selenium.chrome.ChromeDriverService$Builder.findDefaultExecutable(ChromeDriverService.java:159)
at org.openqa.selenium.remote.service.DriverService$Builder.build(DriverService.java:355)
at org.openqa.selenium.chrome.ChromeDriverService.createDefaultService(ChromeDriverService.java:94)
at org.openqa.selenium.chrome.ChromeDriver.<init>(ChromeDriver.java:123)
at Com.Sample.base.basepage.setup(basepage.java:48)
at Com.Sample.testcases.SellerTest.Setup(SellerTest.java:24)
at java.base/java.util.ArrayList.forEach(ArrayList.java:1541)
... Removed 31 stack frames]]>
    </failure>
  </testcase> <!-- @BeforeMethod Setup -->
  <testcase classname="Com.Sample.base.basepage" name="@AfterMethod teardown" time="0.0">
    <skipped/>
  </testcase> <!-- @AfterMethod teardown -->
  <testcase classname="Com.Sample.testcases.FavoritesTest" name="@BeforeMethod Setup" time="0.005">
    <failure type="java.lang.IllegalStateException" message="The driver executable does not exist: C:\Users\gagankaushik\OneDrive - Nagarro\Desktop\Gagankaushik_3190215_exittest\test\test\UsersgagankaushikDownloadschromedriver-win64chromedriver-win64chromedriver.exe">
      <![CDATA[java.lang.IllegalStateException: The driver executable does not exist: C:\Users\gagankaushik\OneDrive - Nagarro\Desktop\Gagankaushik_3190215_exittest\test\test\UsersgagankaushikDownloadschromedriver-win64chromedriver-win64chromedriver.exe
at com.google.common.base.Preconditions.checkState(Preconditions.java:585)
at org.openqa.selenium.remote.service.DriverService.checkExecutable(DriverService.java:146)
at org.openqa.selenium.remote.service.DriverService.findExecutable(DriverService.java:141)
at org.openqa.selenium.chrome.ChromeDriverService.access$000(ChromeDriverService.java:35)
at org.openqa.selenium.chrome.ChromeDriverService$Builder.findDefaultExecutable(ChromeDriverService.java:159)
at org.openqa.selenium.remote.service.DriverService$Builder.build(DriverService.java:355)
at org.openqa.selenium.chrome.ChromeDriverService.createDefaultService(ChromeDriverService.java:94)
at org.openqa.selenium.chrome.ChromeDriver.<init>(ChromeDriver.java:123)
at Com.Sample.base.basepage.setup(basepage.java:48)
at Com.Sample.testcases.FavoritesTest.Setup(FavoritesTest.java:28)
at java.base/java.util.ArrayList.forEach(ArrayList.java:1541)
... Removed 31 stack frames]]>
    </failure>
  </testcase> <!-- @BeforeMethod Setup -->
  <testcase classname="Com.Sample.base.basepage" name="@AfterMethod teardown" time="0.0">
    <skipped/>
  </testcase> <!-- @AfterMethod teardown -->
  <testcase classname="Com.Sample.base.basepage" name="@BeforeMethod startTest" time="0.0">
    <skipped/>
  </testcase> <!-- @BeforeMethod startTest -->
  <testcase classname="Com.Sample.testcases.FavoritesTest" name="@BeforeMethod Setup" time="0.0">
    <skipped/>
  </testcase> <!-- @BeforeMethod Setup -->
  <testcase classname="Com.Sample.base.basepage" name="@AfterMethod teardown" time="0.0">
    <skipped/>
  </testcase> <!-- @AfterMethod teardown -->
  <testcase classname="Com.Sample.testcases.SignoutTest" name="@BeforeMethod Setup" time="0.005">
    <failure type="java.lang.IllegalStateException" message="The driver executable does not exist: C:\Users\gagankaushik\OneDrive - Nagarro\Desktop\Gagankaushik_3190215_exittest\test\test\UsersgagankaushikDownloadschromedriver-win64chromedriver-win64chromedriver.exe">
      <![CDATA[java.lang.IllegalStateException: The driver executable does not exist: C:\Users\gagankaushik\OneDrive - Nagarro\Desktop\Gagankaushik_3190215_exittest\test\test\UsersgagankaushikDownloadschromedriver-win64chromedriver-win64chromedriver.exe
at com.google.common.base.Preconditions.checkState(Preconditions.java:585)
at org.openqa.selenium.remote.service.DriverService.checkExecutable(DriverService.java:146)
at org.openqa.selenium.remote.service.DriverService.findExecutable(DriverService.java:141)
at org.openqa.selenium.chrome.ChromeDriverService.access$000(ChromeDriverService.java:35)
at org.openqa.selenium.chrome.ChromeDriverService$Builder.findDefaultExecutable(ChromeDriverService.java:159)
at org.openqa.selenium.remote.service.DriverService$Builder.build(DriverService.java:355)
at org.openqa.selenium.chrome.ChromeDriverService.createDefaultService(ChromeDriverService.java:94)
at org.openqa.selenium.chrome.ChromeDriver.<init>(ChromeDriver.java:123)
at Com.Sample.base.basepage.setup(basepage.java:48)
at Com.Sample.testcases.SignoutTest.Setup(SignoutTest.java:28)
at java.base/java.util.ArrayList.forEach(ArrayList.java:1541)
... Removed 31 stack frames]]>
    </failure>
  </testcase> <!-- @BeforeMethod Setup -->
  <testcase classname="Com.Sample.base.basepage" name="@AfterMethod teardown" time="0.0">
    <skipped/>
  </testcase> <!-- @AfterMethod teardown -->
  <testcase classname="Com.Sample.testcases.LoginTest" name="correctemailtest" time="0.0">
    <skipped/>
  </testcase> <!-- correctemailtest -->
  <testcase classname="Com.Sample.testcases.LoginTest" name="Incorrectemailtest" time="0.0">
    <skipped/>
  </testcase> <!-- Incorrectemailtest -->
  <testcase classname="Com.Sample.testcases.AddaddressTest" name="AddValidAddresstest" time="0.001">
    <skipped/>
  </testcase> <!-- AddValidAddresstest -->
  <testcase classname="Com.Sample.testcases.AddaddressTest" name="AddInvalidAddresstest" time="0.0">
    <skipped/>
  </testcase> <!-- AddInvalidAddresstest -->
  <testcase classname="Com.Sample.testcases.DeleteAddressTest" name="EditAddressTest" time="0.0">
    <skipped/>
  </testcase> <!-- EditAddressTest -->
  <testcase classname="Com.Sample.testcases.DeleteAddressTest" name="DeleteAddressTest1" time="0.0">
    <skipped/>
  </testcase> <!-- DeleteAddressTest1 -->
  <testcase classname="Com.Sample.testcases.SuperCoinZoneTest" name="SuperCoinZoneTest1" time="0.0">
    <skipped/>
  </testcase> <!-- SuperCoinZoneTest1 -->
  <testcase classname="Com.Sample.testcases.OrdersTest" name="OrderTest" time="0.0">
    <skipped/>
  </testcase> <!-- OrderTest -->
  <testcase classname="Com.Sample.testcases.OrdersTest" name="FilterOrderTest" time="0.0">
    <skipped/>
  </testcase> <!-- FilterOrderTest -->
  <testcase classname="Com.Sample.testcases.WishlistTest" name="Wishlist" time="0.0">
    <skipped/>
  </testcase> <!-- Wishlist -->
  <testcase classname="Com.Sample.testcases.WishlistTest" name="DeleteWishlist" time="0.0">
    <skipped/>
  </testcase> <!-- DeleteWishlist -->
  <testcase classname="Com.Sample.testcases.SearchTest" name="Search" time="0.0">
    <skipped/>
  </testcase> <!-- Search -->
  <testcase classname="Com.Sample.testcases.SearchTest" name="AddToCart" time="0.0">
    <skipped/>
  </testcase> <!-- AddToCart -->
  <testcase classname="Com.Sample.testcases.FilterTest" name="Filter" time="0.0">
    <skipped/>
  </testcase> <!-- Filter -->
  <testcase classname="Com.Sample.testcases.FilterTest" name="FilterFewThings" time="0.0">
    <skipped/>
  </testcase> <!-- FilterFewThings -->
  <testcase classname="Com.Sample.testcases.FilterTest" name="DeleteFilteredThings" time="0.0">
    <skipped/>
  </testcase> <!-- DeleteFilteredThings -->
  <testcase classname="Com.Sample.testcases.SellerTest" name="SellerTest1" time="0.0">
    <skipped/>
  </testcase> <!-- SellerTest1 -->
  <testcase classname="Com.Sample.testcases.FavoritesTest" name="AddToWishlist" time="0.0">
    <skipped/>
  </testcase> <!-- AddToWishlist -->
  <testcase classname="Com.Sample.testcases.FavoritesTest" name="DeleteFromWishlist" time="0.0">
    <skipped/>
  </testcase> <!-- DeleteFromWishlist -->
  <testcase classname="Com.Sample.testcases.SignoutTest" name="SignouttTest" time="0.0">
    <skipped/>
  </testcase> <!-- SignouttTest -->
  <testcase classname="Com.Sample.base.basepage" name="@BeforeSuite init" time="0.0">
    <ignored/>
  </testcase> <!-- @BeforeSuite init -->
  <testcase classname="Com.Sample.base.basepage" name="@BeforeSuite init" time="0.0">
    <ignored/>
  </testcase> <!-- @BeforeSuite init -->
  <testcase classname="Com.Sample.base.basepage" name="@BeforeSuite init" time="0.0">
    <ignored/>
  </testcase> <!-- @BeforeSuite init -->
  <testcase classname="Com.Sample.base.basepage" name="@BeforeSuite init" time="0.0">
    <ignored/>
  </testcase> <!-- @BeforeSuite init -->
  <testcase classname="Com.Sample.base.basepage" name="@BeforeSuite init" time="0.0">
    <ignored/>
  </testcase> <!-- @BeforeSuite init -->
  <testcase classname="Com.Sample.base.basepage" name="@BeforeSuite init" time="0.0">
    <ignored/>
  </testcase> <!-- @BeforeSuite init -->
  <testcase classname="Com.Sample.base.basepage" name="@AfterSuite reportFlush" time="0.0">
    <ignored/>
  </testcase> <!-- @AfterSuite reportFlush -->
  <testcase classname="Com.Sample.base.basepage" name="@BeforeSuite init" time="0.0">
    <ignored/>
  </testcase> <!-- @BeforeSuite init -->
  <testcase classname="Com.Sample.base.basepage" name="@AfterSuite reportFlush" time="0.0">
    <ignored/>
  </testcase> <!-- @AfterSuite reportFlush -->
  <testcase classname="Com.Sample.base.basepage" name="@AfterSuite reportFlush" time="0.0">
    <ignored/>
  </testcase> <!-- @AfterSuite reportFlush -->
  <testcase classname="Com.Sample.base.basepage" name="@AfterSuite reportFlush" time="0.0">
    <ignored/>
  </testcase> <!-- @AfterSuite reportFlush -->
  <testcase classname="Com.Sample.base.basepage" name="@AfterSuite reportFlush" time="0.0">
    <ignored/>
  </testcase> <!-- @AfterSuite reportFlush -->
  <testcase classname="Com.Sample.base.basepage" name="@AfterSuite reportFlush" time="0.0">
    <ignored/>
  </testcase> <!-- @AfterSuite reportFlush -->
  <testcase classname="Com.Sample.base.basepage" name="@AfterSuite reportFlush" time="0.0">
    <ignored/>
  </testcase> <!-- @AfterSuite reportFlush -->
  <testcase classname="Com.Sample.base.basepage" name="@AfterSuite reportFlush" time="0.0">
    <ignored/>
  </testcase> <!-- @AfterSuite reportFlush -->
  <testcase classname="Com.Sample.base.basepage" name="@AfterSuite reportFlush" time="0.0">
    <ignored/>
  </testcase> <!-- @AfterSuite reportFlush -->
  <testcase classname="Com.Sample.base.basepage" name="@BeforeSuite init" time="0.0">
    <ignored/>
  </testcase> <!-- @BeforeSuite init -->
  <testcase classname="Com.Sample.base.basepage" name="@AfterSuite reportFlush" time="0.0">
    <ignored/>
  </testcase> <!-- @AfterSuite reportFlush -->
  <testcase classname="Com.Sample.base.basepage" name="@BeforeSuite init" time="0.0">
    <ignored/>
  </testcase> <!-- @BeforeSuite init -->
  <testcase classname="Com.Sample.base.basepage" name="@BeforeSuite init" time="0.0">
    <ignored/>
  </testcase> <!-- @BeforeSuite init -->
</testsuite> <!-- Test -->
